<?xml version="1.0" encoding="UTF-8"?>
<!-- Generated by org.testng.reporters.JUnitXMLReporter -->
<testsuite hostname="LAPTOP-29S73MT5" ignored="0" name="Validating Landing Page and Login" tests="4" failures="0" timestamp="2021-02-17T05:19:35 IST" time="28.069" errors="0">
  <testcase name="basePagenavigation" time="0.203" classname="tests.ValidateNavigationBar"/>
  <testcase name="basePagenavigation" time="0.107" classname="tests.ValidateTitle"/>
  <testcase name="basePagenavigation" time="17.996" classname="tests.HomePage"/>
  <testcase name="basePagenavigation" time="5.29" classname="tests.HomePage"/>
</testsuite> <!-- Validating Landing Page and Login -->
