<?xml version="1.0" encoding="UTF-8"?>
<testsuite xmlns:xsi="http://www.w3.org/2001/XMLSchema-instance" xsi:noNamespaceSchemaLocation="https://maven.apache.org/surefire/maven-surefire-plugin/xsd/surefire-test-report-3.0.xsd" version="3.0" name="TestSuite" time="52.832" tests="3" errors="0" skipped="0" failures="0">
  <properties>
[...]
</properties>
  <testcase name="basePagenavigation" classname="tests.ValidateNavigationBar" time="0.064">
    <system-err><![CDATA[StaSrttianrgt iCnhrgo mCehDrroimveerDr i8v7e.r0 .8472.800..482880 .(8889 e(8293e8203a830aeS33et36a6rcct3344i6n6g44b 5Cbdh5dr1do3dm01e2D33r04i92vbe31r43 88927b5.41093.28492205d8-40r9e.2f89s08/d b(r-a8nr9ceehf2-s3h/e8ba0rdaas3n/ec34h6-2ch8304@6e{4b#a5d1d7sd/1463218}0)02@ 34{o9n#b1 1p736o81r2t}5 )439 2o69n80 1dp-9orre
fOtns /l1by3r5 a1nl0cohc-
hOaenlal dycs ol/on4cn2a8el0c @tc{io#on1n7s6n 1a}r)e  oanl lpoowretd .48
88Pl
eOanslye  lsoeceal e cchtoninotencttspi soa:nrs/e / acrahel rlaolomleowwdeerddi..v
e
PrPle.chraolsemeai ssueeme . sohretget/p sshe:tc//utcprhsir:to/ym/-ecdhrcrioveonmr.secdihrdroeimrviaeutmri..oocnrhgsr/ osfemociruu rmsi.tuyog-rgcgoen/sssitediceournarstii tooynns-  ckfoeoners pisiudngeggr eaCstthiioornnoss m oenfD orkr iseuvegepgrien sgst iCahofnrsoe m.eoDnr 
ikveeerp sianfge .C
hromeDriver safe.
ChromeDrivCehrr owmaesDr isvtera rwtaesd  sstuarctceeds sfsuulclcye.s
sfully.
ChromeDriver was started successfully.
[1613727785.940][WARNING]: This version of ChromeDriver has not been tested with Chrome version 88.
[1613727786.204][WARNING]: This version of ChromeDriver has not been tested with Chrome version 88.
[1613727786.484][WARNING]: This version of ChromeDriver has not been tested with Chrome version 88.
Feb 19, 2021 3:13:08 PM org.openqa.selenium.remote.ProtocolHandshake createSession
INFO: Detected dialect: W3C
Feb 19, 2021 3:13:08 PM org.openqa.selenium.remote.ProtocolHandshake createSession
INFO: Detected dialect: W3C
Feb 19, 2021 3:13:09 PM org.openqa.selenium.remote.ProtocolHandshake createSession
INFO: Detected dialect: W3C
]]></system-err>
  </testcase>
  <testcase name="basePagenavigation[non-restricted_user@gmail.com, 123456, Non-Restricted User](1)" classname="tests.HomePage" time="15.492">
    <system-out><![CDATA[Non-Restricted User
]]></system-out>
    <system-err><![CDATA[java.lang.NoSuchFieldException: driver
	at java.lang.Class.getDeclaredField(Class.java:2070)
	at tests.Listeners.onTestFailure(Listeners.java:46)
	at org.testng.internal.TestListenerHelper.runTestListeners(TestListenerHelper.java:66)
	at org.testng.internal.TestInvoker.runTestResultListener(TestInvoker.java:219)
	at org.testng.internal.TestInvoker.invokeMethod(TestInvoker.java:651)
	at org.testng.internal.TestInvoker.invokeTestMethod(TestInvoker.java:173)
	at org.testng.internal.MethodRunner.runInSequence(MethodRunner.java:46)
	at org.testng.internal.TestInvoker$MethodInvocationAgent.invoke(TestInvoker.java:816)
	at org.testng.internal.TestInvoker.invokeTestMethods(TestInvoker.java:146)
	at org.testng.internal.TestMethodWorker.invokeTestMethods(TestMethodWorker.java:146)
	at org.testng.internal.TestMethodWorker.run(TestMethodWorker.java:128)
	at java.util.ArrayList.forEach(ArrayList.java:1259)
	at org.testng.TestRunner.privateRun(TestRunner.java:766)
	at org.testng.TestRunner.run(TestRunner.java:587)
	at org.testng.SuiteRunner.runTest(SuiteRunner.java:384)
	at org.testng.SuiteRunner.access$000(SuiteRunner.java:28)
	at org.testng.SuiteRunner$SuiteWorker.run(SuiteRunner.java:425)
	at org.testng.internal.thread.ThreadUtil.lambda$execute$0(ThreadUtil.java:68)
	at java.util.concurrent.FutureTask.run(FutureTask.java:266)
	at java.util.concurrent.ThreadPoolExecutor.runWorker(ThreadPoolExecutor.java:1149)
	at java.util.concurrent.ThreadPoolExecutor$Worker.run(ThreadPoolExecutor.java:624)
	at java.lang.Thread.run(Thread.java:748)
java.lang.NoSuchFieldException: driver
	at java.lang.Class.getDeclaredField(Class.java:2070)
	at tests.Listeners.onTestFailure(Listeners.java:46)
	at org.testng.internal.TestListenerHelper.runTestListeners(TestListenerHelper.java:66)
	at org.testng.internal.TestInvoker.runTestResultListener(TestInvoker.java:219)
	at org.testng.internal.TestInvoker$MethodInvocationAgent.invoke(TestInvoker.java:826)
	at org.testng.internal.TestInvoker.invokeTestMethods(TestInvoker.java:146)
	at org.testng.internal.TestMethodWorker.invokeTestMethods(TestMethodWorker.java:146)
	at org.testng.internal.TestMethodWorker.run(TestMethodWorker.java:128)
	at java.util.ArrayList.forEach(ArrayList.java:1259)
	at org.testng.TestRunner.privateRun(TestRunner.java:766)
	at org.testng.TestRunner.run(TestRunner.java:587)
	at org.testng.SuiteRunner.runTest(SuiteRunner.java:384)
	at org.testng.SuiteRunner.access$000(SuiteRunner.java:28)
	at org.testng.SuiteRunner$SuiteWorker.run(SuiteRunner.java:425)
	at org.testng.internal.thread.ThreadUtil.lambda$execute$0(ThreadUtil.java:68)
	at java.util.concurrent.FutureTask.run(FutureTask.java:266)
	at java.util.concurrent.ThreadPoolExecutor.runWorker(ThreadPoolExecutor.java:1149)
	at java.util.concurrent.ThreadPoolExecutor$Worker.run(ThreadPoolExecutor.java:624)
	at java.lang.Thread.run(Thread.java:748)
]]></system-err>
  </testcase>
  <testcase name="basePagenavigation[restricted_user@gmail.com, password, Restricted User](2)" classname="tests.HomePage" time="8.015">
    <system-out><![CDATA[Restricted User
]]></system-out>
  </testcase>
</testsuite>