<?xml version="1.0" encoding="UTF-8"?>
<testng-results skipped="0" failed="0" ignored="0" total="2" passed="2">
  <reporter-output>
  </reporter-output>
  <suite name="Suite" duration-ms="50069" started-at="2021-02-19T15:13:00 IST" finished-at="2021-02-19T15:13:50 IST">
    <groups>
    </groups>
    <test name="Validating Landing Page and Login" duration-ms="50069" started-at="2021-02-19T15:13:00 IST" finished-at="2021-02-19T15:13:50 IST">
      <class name="tests.HomePage">
        <test-method status="PASS" signature="setup()[pri:0, instance:tests.HomePage@aecb35a]" name="setup" is-config="true" duration-ms="8849" started-at="2021-02-19T15:13:00 IST" finished-at="2021-02-19T15:13:09 IST">
          <reporter-output>
          </reporter-output>
        </test-method> <!-- setup -->
        <test-method status="PASS" signature="basePagenavigation(java.lang.String, java.lang.String, java.lang.String)[pri:0, instance:tests.HomePage@aecb35a]" name="basePagenavigation" duration-ms="32217" started-at="2021-02-19T15:13:09 IST" data-provider="getData" finished-at="2021-02-19T15:13:41 IST">
          <params>
            <param index="0">
              <value>
                <![CDATA[non-restricted_user@gmail.com]]>
              </value>
            </param>
            <param index="1">
              <value>
                <![CDATA[123456]]>
              </value>
            </param>
            <param index="2">
              <value>
                <![CDATA[Non-Restricted User]]>
              </value>
            </param>
          </params>
          <reporter-output>
          </reporter-output>
        </test-method> <!-- basePagenavigation -->
        <test-method status="PASS" signature="basePagenavigation(java.lang.String, java.lang.String, java.lang.String)[pri:0, instance:tests.HomePage@aecb35a]" name="basePagenavigation" duration-ms="8624" started-at="2021-02-19T15:13:41 IST" data-provider="getData" finished-at="2021-02-19T15:13:50 IST">
          <params>
            <param index="0">
              <value>
                <![CDATA[restricted_user@gmail.com]]>
              </value>
            </param>
            <param index="1">
              <value>
                <![CDATA[password]]>
              </value>
            </param>
            <param index="2">
              <value>
                <![CDATA[Restricted User]]>
              </value>
            </param>
          </params>
          <reporter-output>
          </reporter-output>
        </test-method> <!-- basePagenavigation -->
        <test-method status="PASS" signature="teardown()[pri:0, instance:tests.HomePage@aecb35a]" name="teardown" is-config="true" duration-ms="196" started-at="2021-02-19T15:13:50 IST" finished-at="2021-02-19T15:13:50 IST">
          <reporter-output>
          </reporter-output>
        </test-method> <!-- teardown -->
      </class> <!-- tests.HomePage -->
    </test> <!-- Validating Landing Page and Login -->
  </suite> <!-- Suite -->
</testng-results>
