<?xml version="1.0" encoding="UTF-8"?>
<testng-results ignored="0" total="2" passed="2" failed="0" skipped="0">
  <reporter-output>
  </reporter-output>
  <suite started-at="2021-02-22T03:14:34 IST" name="Default suite" finished-at="2021-02-22T03:15:15 IST" duration-ms="40720">
    <groups>
    </groups>
    <test started-at="2021-02-22T03:14:34 IST" name="Default test" finished-at="2021-02-22T03:15:15 IST" duration-ms="40720">
      <class name="tests.HomePage">
        <test-method is-config="true" signature="setup()[pri:0, instance:tests.HomePage@c03cf28]" started-at="2021-02-22T03:14:34 IST" name="setup" finished-at="2021-02-22T03:14:40 IST" duration-ms="5566" status="PASS">
          <reporter-output>
          </reporter-output>
        </test-method> <!-- setup -->
        <test-method signature="basePagenavigation(java.lang.String, java.lang.String, java.lang.String)[pri:0, instance:tests.HomePage@c03cf28]" started-at="2021-02-22T03:14:40 IST" name="basePagenavigation" data-provider="getData" finished-at="2021-02-22T03:15:03 IST" duration-ms="22747" status="PASS">
          <params>
            <param index="0">
              <value>
                <![CDATA[non-restricted_user@gmail.com]]>
              </value>
            </param>
            <param index="1">
              <value>
                <![CDATA[123456]]>
              </value>
            </param>
            <param index="2">
              <value>
                <![CDATA[Non-Restricted User]]>
              </value>
            </param>
          </params>
          <reporter-output>
          </reporter-output>
        </test-method> <!-- basePagenavigation -->
        <test-method signature="basePagenavigation(java.lang.String, java.lang.String, java.lang.String)[pri:0, instance:tests.HomePage@c03cf28]" started-at="2021-02-22T03:15:03 IST" name="basePagenavigation" data-provider="getData" finished-at="2021-02-22T03:15:15 IST" duration-ms="12003" status="PASS">
          <params>
            <param index="0">
              <value>
                <![CDATA[restricted_user@gmail.com]]>
              </value>
            </param>
            <param index="1">
              <value>
                <![CDATA[password]]>
              </value>
            </param>
            <param index="2">
              <value>
                <![CDATA[Restricted User]]>
              </value>
            </param>
          </params>
          <reporter-output>
          </reporter-output>
        </test-method> <!-- basePagenavigation -->
        <test-method is-config="true" signature="teardown()[pri:0, instance:tests.HomePage@c03cf28]" started-at="2021-02-22T03:15:15 IST" name="teardown" finished-at="2021-02-22T03:15:15 IST" duration-ms="328" status="PASS">
          <reporter-output>
          </reporter-output>
        </test-method> <!-- teardown -->
      </class> <!-- tests.HomePage -->
    </test> <!-- Default test -->
  </suite> <!-- Default suite -->
</testng-results>
